<?xml version="1.0" encoding="UTF-8"?>
<!-- Generated by org.testng.reporters.JUnitXMLReporter -->
<testsuite ignored="0" hostname="GYANESH-PC" failures="0" tests="10" name="Accounts Page Test_chrome90" time="140.033" errors="0" timestamp="21 Oct 2021 11:26:19 GMT">
  <testcase classname="tests.AccountsPageTest" name="accPageTitleTest" time="0.164"/>
  <testcase classname="tests.AccountsPageTest" name="accPageHeaderTest" time="4.901"/>
  <testcase classname="tests.AccountsPageTest" name="accSectionsListTest" time="1.693"/>
  <testcase classname="tests.AccountsPageTest" name="logoutLinkExistTest" time="6.958"/>
  <testcase classname="tests.AccountsPageTest" name="searchTest" time="11.74"/>
  <testcase classname="tests.AccountsPageTest" name="searchTest" time="5.889"/>
  <testcase classname="tests.AccountsPageTest" name="searchTest" time="5.219"/>
  <testcase classname="tests.AccountsPageTest" name="selectProductTest" time="10.252"/>
  <testcase classname="tests.AccountsPageTest" name="selectProductTest" time="7.685"/>
  <testcase classname="tests.AccountsPageTest" name="selectProductTest" time="8.0"/>
</testsuite> <!-- Accounts Page Test_chrome90 -->
