<?xml version="1.0" encoding="UTF-8"?>
<!-- Generated by org.testng.reporters.JUnitXMLReporter -->
<testsuite ignored="0" hostname="GYANESH-PC" failures="0" tests="5" name="Login Page Test_chrome90" time="34.336" errors="0" timestamp="21 Oct 2021 11:23:58 GMT">
  <testcase classname="tests.LoginPageTest" name="loginPageTitleTest" time="0.069"/>
  <testcase classname="tests.LoginPageTest" name="loginPageUrlTest" time="0.011"/>
  <testcase classname="tests.LoginPageTest" name="forgotPwdLinkTest" time="1.954"/>
  <testcase classname="tests.LoginPageTest" name="registerLinkTest" time="1.61"/>
  <testcase classname="tests.LoginPageTest" name="loginTest" time="8.465"/>
</testsuite> <!-- Login Page Test_chrome90 -->
